 INFO 2019-03-22 16:47:09,242 [base.BrowserManager] [main] [BrowserManager.java:113] - Execution Started at 22-03-2019-04-47-09
 INFO 2019-03-22 16:47:09,255 [base.BrowserManager] [main] [BrowserManager.java:145] - Executing on Linux machine...
 INFO 2019-03-22 16:47:09,258 [base.BrowserManager] [main] [BrowserManager.java:148] - Launching Chrome Browser...
 INFO 2019-03-22 16:47:51,349 [base.BrowserManager] [main] [BrowserManager.java:113] - Execution Started at 22-03-2019-04-47-51
 INFO 2019-03-22 16:47:51,358 [base.BrowserManager] [main] [BrowserManager.java:145] - Executing on Linux machine...
 INFO 2019-03-22 16:47:51,359 [base.BrowserManager] [main] [BrowserManager.java:148] - Launching Chrome Browser...
 INFO 2019-03-22 16:48:05,125 [base.BrowserManager] [main] [BrowserManager.java:181] - ####Test Case FAILED:login
 INFO 2019-03-22 16:48:06,247 [base.BrowserManager] [main] [BrowserManager.java:273] - Execution Completed at: 22-03-2019-04-48-06
 INFO 2019-03-22 16:48:06,249 [base.BrowserManager] [main] [BrowserManager.java:278] - Time Taken for Execution: 15 Second(s).
 INFO 2019-03-22 16:48:06,249 [base.BrowserManager] [main] [BrowserManager.java:281] - Total Time Taken for Execution: 15 Second(s).
 INFO 2019-03-22 16:48:06,252 [base.BrowserManager] [main] [BrowserManager.java:294] - Folder: /home/snakka/Downloads/SeleniumAutomation/TestAutomation/Reports Copied to /home/snakka/Downloads/SeleniumAutomation/TestAutomation/TestAutomationReports/22-03-2019-04-48-06
 INFO 2019-03-22 16:48:06,259 [base.BrowserManager] [main] [BrowserManager.java:298] - File: /home/snakka/Downloads/SeleniumAutomation/TestAutomation/TestReport.html/ Copied to /home/snakka/Downloads/SeleniumAutomation/TestAutomation/TestAutomationReports/22-03-2019-04-48-06
 INFO 2019-03-22 16:49:01,455 [base.BrowserManager] [main] [BrowserManager.java:113] - Execution Started at 22-03-2019-04-49-01
 INFO 2019-03-22 16:49:01,482 [base.BrowserManager] [main] [BrowserManager.java:145] - Executing on Linux machine...
 INFO 2019-03-22 16:49:01,485 [base.BrowserManager] [main] [BrowserManager.java:148] - Launching Chrome Browser...
 INFO 2019-03-22 16:49:17,146 [base.BrowserManager] [main] [BrowserManager.java:177] - ####Test Case PASSED:login
 INFO 2019-03-22 16:49:17,736 [base.BrowserManager] [main] [BrowserManager.java:273] - Execution Completed at: 22-03-2019-04-49-17
 INFO 2019-03-22 16:49:17,738 [base.BrowserManager] [main] [BrowserManager.java:278] - Time Taken for Execution: 16 Second(s).
 INFO 2019-03-22 16:49:17,739 [base.BrowserManager] [main] [BrowserManager.java:281] - Total Time Taken for Execution: 16 Second(s).
 INFO 2019-03-22 16:49:17,753 [base.BrowserManager] [main] [BrowserManager.java:294] - Folder: /home/snakka/Downloads/SeleniumAutomation/TestAutomation/Reports Copied to /home/snakka/Downloads/SeleniumAutomation/TestAutomation/TestAutomationReports/22-03-2019-04-49-17
 INFO 2019-03-22 16:49:17,754 [base.BrowserManager] [main] [BrowserManager.java:298] - File: /home/snakka/Downloads/SeleniumAutomation/TestAutomation/TestReport.html/ Copied to /home/snakka/Downloads/SeleniumAutomation/TestAutomation/TestAutomationReports/22-03-2019-04-49-17
